{"E:\\Placement Preparation\\Momentum\\momentum-frontend-app\\src\\hooks\\useDashboardData.ts": {"path":"E:\\Placement Preparation\\Momentum\\momentum-frontend-app\\src\\hooks\\useDashboardData.ts","statementMap":{"0":{"start":{"line":32,"column":6},"end":{"line":32,"column":null}},"1":{"start":{"line":32,"column":30},"end":{"line":32,"column":null}},"2":{"start":{"line":32,"column":55},"end":{"line":32,"column":78}},"3":{"start":{"line":34,"column":13},"end":{"line":46,"column":null}},"4":{"start":{"line":35,"column":2},"end":{"line":45,"column":null}},"5":{"start":{"line":38,"column":6},"end":{"line":38,"column":null}},"6":{"start":{"line":39,"column":6},"end":{"line":43,"column":null}},"7":{"start":{"line":48,"column":13},"end":{"line":62,"column":null}},"8":{"start":{"line":49,"column":2},"end":{"line":61,"column":null}},"9":{"start":{"line":52,"column":6},"end":{"line":52,"column":null}},"10":{"start":{"line":53,"column":6},"end":{"line":59,"column":null}},"11":{"start":{"line":64,"column":13},"end":{"line":129,"column":null}},"12":{"start":{"line":65,"column":8},"end":{"line":65,"column":null}},"13":{"start":{"line":67,"column":8},"end":{"line":104,"column":null}},"14":{"start":{"line":70,"column":6},"end":{"line":70,"column":null}},"15":{"start":{"line":72,"column":21},"end":{"line":72,"column":null}},"16":{"start":{"line":73,"column":6},"end":{"line":73,"column":null}},"17":{"start":{"line":73,"column":18},"end":{"line":73,"column":null}},"18":{"start":{"line":75,"column":35},"end":{"line":100,"column":null}},"19":{"start":{"line":101,"column":6},"end":{"line":101,"column":null}},"20":{"start":{"line":102,"column":6},"end":{"line":102,"column":null}},"21":{"start":{"line":106,"column":8},"end":{"line":123,"column":null}},"22":{"start":{"line":108,"column":6},"end":{"line":108,"column":null}},"23":{"start":{"line":109,"column":21},"end":{"line":109,"column":null}},"24":{"start":{"line":110,"column":6},"end":{"line":117,"column":null}},"25":{"start":{"line":111,"column":30},"end":{"line":111,"column":null}},"26":{"start":{"line":112,"column":24},"end":{"line":114,"column":null}},"27":{"start":{"line":113,"column":10},"end":{"line":113,"column":null}},"28":{"start":{"line":115,"column":8},"end":{"line":115,"column":null}},"29":{"start":{"line":116,"column":8},"end":{"line":116,"column":null}},"30":{"start":{"line":118,"column":6},"end":{"line":118,"column":null}},"31":{"start":{"line":121,"column":6},"end":{"line":121,"column":null}},"32":{"start":{"line":125,"column":2},"end":{"line":128,"column":null}},"33":{"start":{"line":131,"column":13},"end":{"line":147,"column":null}},"34":{"start":{"line":132,"column":2},"end":{"line":146,"column":null}},"35":{"start":{"line":135,"column":6},"end":{"line":135,"column":null}},"36":{"start":{"line":136,"column":6},"end":{"line":144,"column":null}},"37":{"start":{"line":149,"column":13},"end":{"line":176,"column":null}},"38":{"start":{"line":150,"column":2},"end":{"line":175,"column":null}},"39":{"start":{"line":153,"column":6},"end":{"line":153,"column":null}},"40":{"start":{"line":154,"column":6},"end":{"line":173,"column":null}},"41":{"start":{"line":178,"column":13},"end":{"line":190,"column":null}},"42":{"start":{"line":179,"column":2},"end":{"line":189,"column":null}},"43":{"start":{"line":182,"column":6},"end":{"line":182,"column":null}},"44":{"start":{"line":183,"column":6},"end":{"line":187,"column":null}}},"fnMap":{"0":{"name":"(anonymous_0)","decl":{"start":{"line":32,"column":6},"end":{"line":32,"column":15}},"loc":{"start":{"line":32,"column":30},"end":{"line":32,"column":null}},"line":32},"1":{"name":"(anonymous_1)","decl":{"start":{"line":32,"column":34},"end":{"line":32,"column":43}},"loc":{"start":{"line":32,"column":55},"end":{"line":32,"column":78}},"line":32},"2":{"name":"(anonymous_2)","decl":{"start":{"line":34,"column":13},"end":{"line":34,"column":44}},"loc":{"start":{"line":34,"column":44},"end":{"line":46,"column":null}},"line":34},"3":{"name":"(anonymous_3)","decl":{"start":{"line":37,"column":13},"end":{"line":37,"column":25}},"loc":{"start":{"line":37,"column":25},"end":{"line":44,"column":null}},"line":37},"4":{"name":"(anonymous_4)","decl":{"start":{"line":48,"column":13},"end":{"line":48,"column":36}},"loc":{"start":{"line":48,"column":36},"end":{"line":62,"column":null}},"line":48},"5":{"name":"(anonymous_5)","decl":{"start":{"line":51,"column":13},"end":{"line":51,"column":25}},"loc":{"start":{"line":51,"column":25},"end":{"line":60,"column":null}},"line":51},"6":{"name":"(anonymous_6)","decl":{"start":{"line":64,"column":13},"end":{"line":64,"column":35}},"loc":{"start":{"line":64,"column":35},"end":{"line":129,"column":null}},"line":64},"7":{"name":"(anonymous_7)","decl":{"start":{"line":69,"column":13},"end":{"line":69,"column":25}},"loc":{"start":{"line":69,"column":25},"end":{"line":103,"column":null}},"line":69},"8":{"name":"(anonymous_8)","decl":{"start":{"line":107,"column":16},"end":{"line":107,"column":23}},"loc":{"start":{"line":107,"column":42},"end":{"line":119,"column":null}},"line":107},"9":{"name":"(anonymous_9)","decl":{"start":{"line":112,"column":30},"end":{"line":112,"column":35}},"loc":{"start":{"line":113,"column":10},"end":{"line":113,"column":null}},"line":113},"10":{"name":"(anonymous_10)","decl":{"start":{"line":120,"column":4},"end":{"line":120,"column":16}},"loc":{"start":{"line":120,"column":25},"end":{"line":122,"column":null}},"line":120},"11":{"name":"(anonymous_11)","decl":{"start":{"line":131,"column":13},"end":{"line":131,"column":44}},"loc":{"start":{"line":131,"column":44},"end":{"line":147,"column":null}},"line":131},"12":{"name":"(anonymous_12)","decl":{"start":{"line":134,"column":13},"end":{"line":134,"column":25}},"loc":{"start":{"line":134,"column":25},"end":{"line":145,"column":null}},"line":134},"13":{"name":"(anonymous_13)","decl":{"start":{"line":149,"column":13},"end":{"line":149,"column":37}},"loc":{"start":{"line":149,"column":37},"end":{"line":176,"column":null}},"line":149},"14":{"name":"(anonymous_14)","decl":{"start":{"line":152,"column":13},"end":{"line":152,"column":25}},"loc":{"start":{"line":152,"column":25},"end":{"line":174,"column":null}},"line":152},"15":{"name":"(anonymous_15)","decl":{"start":{"line":178,"column":13},"end":{"line":178,"column":40}},"loc":{"start":{"line":178,"column":40},"end":{"line":190,"column":null}},"line":178},"16":{"name":"(anonymous_16)","decl":{"start":{"line":181,"column":13},"end":{"line":181,"column":25}},"loc":{"start":{"line":181,"column":25},"end":{"line":188,"column":null}},"line":181}},"branchMap":{"0":{"loc":{"start":{"line":73,"column":6},"end":{"line":73,"column":null}},"type":"if","locations":[{"start":{"line":73,"column":6},"end":{"line":73,"column":null}},{"start":{},"end":{}}],"line":73},"1":{"loc":{"start":{"line":110,"column":6},"end":{"line":117,"column":null}},"type":"if","locations":[{"start":{"line":110,"column":6},"end":{"line":117,"column":null}},{"start":{},"end":{}}],"line":110},"2":{"loc":{"start":{"line":113,"column":10},"end":{"line":113,"column":null}},"type":"cond-expr","locations":[{"start":{"line":113,"column":28},"end":{"line":113,"column":64}},{"start":{"line":113,"column":64},"end":{"line":113,"column":null}}],"line":113}},"s":{"0":1,"1":5,"2":5,"3":1,"4":2,"5":1,"6":1,"7":1,"8":2,"9":1,"10":1,"11":1,"12":5,"13":5,"14":1,"15":1,"16":1,"17":0,"18":1,"19":1,"20":1,"21":5,"22":1,"23":1,"24":1,"25":1,"26":1,"27":3,"28":1,"29":1,"30":0,"31":1,"32":5,"33":1,"34":2,"35":1,"36":1,"37":1,"38":0,"39":0,"40":0,"41":1,"42":0,"43":0,"44":0},"f":{"0":5,"1":5,"2":2,"3":1,"4":2,"5":1,"6":5,"7":1,"8":1,"9":3,"10":1,"11":2,"12":1,"13":0,"14":0,"15":0,"16":0},"b":{"0":[0,1],"1":[1,0],"2":[1,2]},"meta":{"lastBranch":3,"lastFunction":17,"lastStatement":45,"seen":{"s:32:6:32:Infinity":0,"f:32:6:32:15":0,"s:32:30:32:Infinity":1,"f:32:34:32:43":1,"s:32:55:32:78":2,"s:34:13:46:Infinity":3,"f:34:13:34:44":2,"s:35:2:45:Infinity":4,"f:37:13:37:25":3,"s:38:6:38:Infinity":5,"s:39:6:43:Infinity":6,"s:48:13:62:Infinity":7,"f:48:13:48:36":4,"s:49:2:61:Infinity":8,"f:51:13:51:25":5,"s:52:6:52:Infinity":9,"s:53:6:59:Infinity":10,"s:64:13:129:Infinity":11,"f:64:13:64:35":6,"s:65:8:65:Infinity":12,"s:67:8:104:Infinity":13,"f:69:13:69:25":7,"s:70:6:70:Infinity":14,"s:72:21:72:Infinity":15,"b:73:6:73:Infinity:undefined:undefined:undefined:undefined":0,"s:73:6:73:Infinity":16,"s:73:18:73:Infinity":17,"s:75:35:100:Infinity":18,"s:101:6:101:Infinity":19,"s:102:6:102:Infinity":20,"s:106:8:123:Infinity":21,"f:107:16:107:23":8,"s:108:6:108:Infinity":22,"s:109:21:109:Infinity":23,"b:110:6:117:Infinity:undefined:undefined:undefined:undefined":1,"s:110:6:117:Infinity":24,"s:111:30:111:Infinity":25,"s:112:24:114:Infinity":26,"f:112:30:112:35":9,"s:113:10:113:Infinity":27,"b:113:28:113:64:113:64:113:Infinity":2,"s:115:8:115:Infinity":28,"s:116:8:116:Infinity":29,"s:118:6:118:Infinity":30,"f:120:4:120:16":10,"s:121:6:121:Infinity":31,"s:125:2:128:Infinity":32,"s:131:13:147:Infinity":33,"f:131:13:131:44":11,"s:132:2:146:Infinity":34,"f:134:13:134:25":12,"s:135:6:135:Infinity":35,"s:136:6:144:Infinity":36,"s:149:13:176:Infinity":37,"f:149:13:149:37":13,"s:150:2:175:Infinity":38,"f:152:13:152:25":14,"s:153:6:153:Infinity":39,"s:154:6:173:Infinity":40,"s:178:13:190:Infinity":41,"f:178:13:178:40":15,"s:179:2:189:Infinity":42,"f:181:13:181:25":16,"s:182:6:182:Infinity":43,"s:183:6:187:Infinity":44},"fnNames":{}}}
,"E:\\Placement Preparation\\Momentum\\momentum-frontend-app\\src\\hooks\\useFocusSession.ts": {"path":"E:\\Placement Preparation\\Momentum\\momentum-frontend-app\\src\\hooks\\useFocusSession.ts","statementMap":{"0":{"start":{"line":7,"column":23},"end":{"line":10,"column":null}},"1":{"start":{"line":12,"column":13},"end":{"line":146,"column":null}},"2":{"start":{"line":13,"column":15},"end":{"line":13,"column":null}},"3":{"start":{"line":14,"column":19},"end":{"line":14,"column":null}},"4":{"start":{"line":17,"column":23},"end":{"line":17,"column":null}},"5":{"start":{"line":20,"column":29},"end":{"line":20,"column":null}},"6":{"start":{"line":23,"column":24},"end":{"line":23,"column":null}},"7":{"start":{"line":26,"column":22},"end":{"line":26,"column":null}},"8":{"start":{"line":28,"column":16},"end":{"line":33,"column":null}},"9":{"start":{"line":30,"column":19},"end":{"line":30,"column":null}},"10":{"start":{"line":36,"column":2},"end":{"line":50,"column":null}},"11":{"start":{"line":37,"column":4},"end":{"line":49,"column":null}},"12":{"start":{"line":38,"column":22},"end":{"line":38,"column":null}},"13":{"start":{"line":39,"column":12},"end":{"line":39,"column":null}},"14":{"start":{"line":40,"column":22},"end":{"line":40,"column":null}},"15":{"start":{"line":42,"column":6},"end":{"line":48,"column":null}},"16":{"start":{"line":43,"column":8},"end":{"line":43,"column":null}},"17":{"start":{"line":44,"column":8},"end":{"line":44,"column":null}},"18":{"start":{"line":45,"column":8},"end":{"line":45,"column":null}},"19":{"start":{"line":46,"column":8},"end":{"line":46,"column":null}},"20":{"start":{"line":47,"column":8},"end":{"line":47,"column":null}},"21":{"start":{"line":53,"column":8},"end":{"line":60,"column":null}},"22":{"start":{"line":54,"column":4},"end":{"line":56,"column":null}},"23":{"start":{"line":55,"column":6},"end":{"line":55,"column":null}},"24":{"start":{"line":57,"column":33},"end":{"line":57,"column":null}},"25":{"start":{"line":58,"column":25},"end":{"line":58,"column":null}},"26":{"start":{"line":59,"column":4},"end":{"line":59,"column":null}},"27":{"start":{"line":63,"column":8},"end":{"line":63,"column":null}},"28":{"start":{"line":64,"column":2},"end":{"line":66,"column":null}},"29":{"start":{"line":65,"column":4},"end":{"line":65,"column":null}},"30":{"start":{"line":69,"column":2},"end":{"line":84,"column":null}},"31":{"start":{"line":70,"column":4},"end":{"line":70,"column":null}},"32":{"start":{"line":70,"column":19},"end":{"line":70,"column":null}},"33":{"start":{"line":72,"column":21},"end":{"line":81,"column":null}},"34":{"start":{"line":73,"column":19},"end":{"line":73,"column":null}},"35":{"start":{"line":74,"column":6},"end":{"line":74,"column":null}},"36":{"start":{"line":77,"column":6},"end":{"line":80,"column":null}},"37":{"start":{"line":78,"column":8},"end":{"line":78,"column":null}},"38":{"start":{"line":79,"column":8},"end":{"line":79,"column":null}},"39":{"start":{"line":79,"column":27},"end":{"line":79,"column":64}},"40":{"start":{"line":83,"column":4},"end":{"line":83,"column":null}},"41":{"start":{"line":83,"column":17},"end":{"line":83,"column":null}},"42":{"start":{"line":87,"column":8},"end":{"line":92,"column":null}},"43":{"start":{"line":88,"column":4},"end":{"line":88,"column":null}},"44":{"start":{"line":89,"column":4},"end":{"line":89,"column":null}},"45":{"start":{"line":90,"column":4},"end":{"line":90,"column":null}},"46":{"start":{"line":91,"column":4},"end":{"line":91,"column":null}},"47":{"start":{"line":95,"column":8},"end":{"line":111,"column":null}},"48":{"start":{"line":96,"column":4},"end":{"line":110,"column":null}},"49":{"start":{"line":97,"column":25},"end":{"line":97,"column":null}},"50":{"start":{"line":98,"column":6},"end":{"line":108,"column":null}},"51":{"start":{"line":100,"column":8},"end":{"line":100,"column":null}},"52":{"start":{"line":103,"column":8},"end":{"line":106,"column":null}},"53":{"start":{"line":104,"column":33},"end":{"line":104,"column":null}},"54":{"start":{"line":105,"column":10},"end":{"line":105,"column":null}},"55":{"start":{"line":105,"column":45},"end":{"line":105,"column":69}},"56":{"start":{"line":107,"column":8},"end":{"line":107,"column":null}},"57":{"start":{"line":109,"column":6},"end":{"line":109,"column":null}},"58":{"start":{"line":114,"column":8},"end":{"line":118,"column":null}},"59":{"start":{"line":115,"column":4},"end":{"line":115,"column":null}},"60":{"start":{"line":116,"column":4},"end":{"line":116,"column":null}},"61":{"start":{"line":117,"column":4},"end":{"line":117,"column":null}},"62":{"start":{"line":121,"column":2},"end":{"line":131,"column":null}},"63":{"start":{"line":122,"column":17},"end":{"line":122,"column":null}},"64":{"start":{"line":123,"column":10},"end":{"line":123,"column":null}},"65":{"start":{"line":124,"column":18},"end":{"line":124,"column":null}},"66":{"start":{"line":125,"column":4},"end":{"line":125,"column":null}},"67":{"start":{"line":128,"column":4},"end":{"line":130,"column":null}},"68":{"start":{"line":129,"column":6},"end":{"line":129,"column":null}},"69":{"start":{"line":134,"column":24},"end":{"line":134,"column":null}},"70":{"start":{"line":136,"column":2},"end":{"line":145,"column":null}}},"fnMap":{"0":{"name":"(anonymous_0)","decl":{"start":{"line":12,"column":13},"end":{"line":12,"column":32}},"loc":{"start":{"line":12,"column":69},"end":{"line":146,"column":null}},"line":12},"1":{"name":"(anonymous_1)","decl":{"start":{"line":30,"column":4},"end":{"line":30,"column":19}},"loc":{"start":{"line":30,"column":19},"end":{"line":30,"column":null}},"line":30},"2":{"name":"(anonymous_2)","decl":{"start":{"line":36,"column":2},"end":{"line":36,"column":18}},"loc":{"start":{"line":36,"column":18},"end":{"line":50,"column":5}},"line":36},"3":{"name":"(anonymous_3)","decl":{"start":{"line":53,"column":31},"end":{"line":53,"column":49}},"loc":{"start":{"line":53,"column":49},"end":{"line":60,"column":5}},"line":53},"4":{"name":"(anonymous_4)","decl":{"start":{"line":64,"column":2},"end":{"line":64,"column":18}},"loc":{"start":{"line":64,"column":18},"end":{"line":66,"column":5}},"line":64},"5":{"name":"(anonymous_5)","decl":{"start":{"line":69,"column":2},"end":{"line":69,"column":18}},"loc":{"start":{"line":69,"column":18},"end":{"line":84,"column":5}},"line":69},"6":{"name":"(anonymous_6)","decl":{"start":{"line":72,"column":21},"end":{"line":72,"column":39}},"loc":{"start":{"line":72,"column":39},"end":{"line":81,"column":7}},"line":72},"7":{"name":"(anonymous_7)","decl":{"start":{"line":79,"column":8},"end":{"line":79,"column":17}},"loc":{"start":{"line":79,"column":27},"end":{"line":79,"column":64}},"line":79},"8":{"name":"(anonymous_8)","decl":{"start":{"line":83,"column":4},"end":{"line":83,"column":17}},"loc":{"start":{"line":83,"column":17},"end":{"line":83,"column":null}},"line":83},"9":{"name":"(anonymous_9)","decl":{"start":{"line":87,"column":21},"end":{"line":87,"column":34}},"loc":{"start":{"line":87,"column":57},"end":{"line":92,"column":5}},"line":87},"10":{"name":"(anonymous_10)","decl":{"start":{"line":95,"column":21},"end":{"line":95,"column":39}},"loc":{"start":{"line":95,"column":39},"end":{"line":111,"column":5}},"line":95},"11":{"name":"(anonymous_11)","decl":{"start":{"line":96,"column":4},"end":{"line":96,"column":17}},"loc":{"start":{"line":96,"column":26},"end":{"line":110,"column":5}},"line":96},"12":{"name":"(anonymous_12)","decl":{"start":{"line":105,"column":10},"end":{"line":105,"column":33}},"loc":{"start":{"line":105,"column":45},"end":{"line":105,"column":69}},"line":105},"13":{"name":"(anonymous_13)","decl":{"start":{"line":114,"column":23},"end":{"line":114,"column":41}},"loc":{"start":{"line":114,"column":41},"end":{"line":118,"column":5}},"line":114},"14":{"name":"(anonymous_14)","decl":{"start":{"line":121,"column":2},"end":{"line":121,"column":18}},"loc":{"start":{"line":121,"column":18},"end":{"line":131,"column":5}},"line":121},"15":{"name":"(anonymous_15)","decl":{"start":{"line":128,"column":4},"end":{"line":128,"column":17}},"loc":{"start":{"line":128,"column":17},"end":{"line":130,"column":null}},"line":128}},"branchMap":{"0":{"loc":{"start":{"line":12,"column":32},"end":{"line":12,"column":69}},"type":"default-arg","locations":[{"start":{"line":12,"column":57},"end":{"line":12,"column":69}}],"line":12},"1":{"loc":{"start":{"line":37,"column":4},"end":{"line":49,"column":null}},"type":"if","locations":[{"start":{"line":37,"column":4},"end":{"line":49,"column":null}},{"start":{},"end":{}}],"line":37},"2":{"loc":{"start":{"line":37,"column":8},"end":{"line":37,"column":50}},"type":"binary-expr","locations":[{"start":{"line":37,"column":8},"end":{"line":37,"column":25}},{"start":{"line":37,"column":25},"end":{"line":37,"column":50}}],"line":37},"3":{"loc":{"start":{"line":39,"column":27},"end":{"line":39,"column":66}},"type":"binary-expr","locations":[{"start":{"line":39,"column":27},"end":{"line":39,"column":60}},{"start":{"line":39,"column":60},"end":{"line":39,"column":66}}],"line":39},"4":{"loc":{"start":{"line":42,"column":6},"end":{"line":48,"column":null}},"type":"if","locations":[{"start":{"line":42,"column":6},"end":{"line":48,"column":null}},{"start":{},"end":{}}],"line":42},"5":{"loc":{"start":{"line":42,"column":10},"end":{"line":42,"column":49}},"type":"binary-expr","locations":[{"start":{"line":42,"column":10},"end":{"line":42,"column":26}},{"start":{"line":42,"column":26},"end":{"line":42,"column":49}}],"line":42},"6":{"loc":{"start":{"line":54,"column":4},"end":{"line":56,"column":null}},"type":"if","locations":[{"start":{"line":54,"column":4},"end":{"line":56,"column":null}},{"start":{},"end":{}}],"line":54},"7":{"loc":{"start":{"line":54,"column":8},"end":{"line":54,"column":45}},"type":"binary-expr","locations":[{"start":{"line":54,"column":8},"end":{"line":54,"column":21}},{"start":{"line":54,"column":21},"end":{"line":54,"column":45}}],"line":54},"8":{"loc":{"start":{"line":70,"column":4},"end":{"line":70,"column":null}},"type":"if","locations":[{"start":{"line":70,"column":4},"end":{"line":70,"column":null}},{"start":{},"end":{}}],"line":70},"9":{"loc":{"start":{"line":77,"column":6},"end":{"line":80,"column":null}},"type":"if","locations":[{"start":{"line":77,"column":6},"end":{"line":80,"column":null}},{"start":{},"end":{}}],"line":77},"10":{"loc":{"start":{"line":79,"column":27},"end":{"line":79,"column":64}},"type":"cond-expr","locations":[{"start":{"line":79,"column":46},"end":{"line":79,"column":56}},{"start":{"line":79,"column":56},"end":{"line":79,"column":64}}],"line":79},"11":{"loc":{"start":{"line":90,"column":21},"end":{"line":90,"column":49}},"type":"cond-expr","locations":[{"start":{"line":90,"column":32},"end":{"line":90,"column":45}},{"start":{"line":90,"column":45},"end":{"line":90,"column":49}}],"line":90},"12":{"loc":{"start":{"line":98,"column":6},"end":{"line":108,"column":null}},"type":"if","locations":[{"start":{"line":98,"column":6},"end":{"line":108,"column":null}},{"start":{"line":101,"column":13},"end":{"line":108,"column":null}}],"line":98},"13":{"loc":{"start":{"line":103,"column":8},"end":{"line":106,"column":null}},"type":"if","locations":[{"start":{"line":103,"column":8},"end":{"line":106,"column":null}},{"start":{},"end":{}}],"line":103},"14":{"loc":{"start":{"line":116,"column":21},"end":{"line":116,"column":49}},"type":"cond-expr","locations":[{"start":{"line":116,"column":32},"end":{"line":116,"column":45}},{"start":{"line":116,"column":45},"end":{"line":116,"column":49}}],"line":116},"15":{"loc":{"start":{"line":124,"column":18},"end":{"line":124,"column":null}},"type":"cond-expr","locations":[{"start":{"line":124,"column":37},"end":{"line":124,"column":47}},{"start":{"line":124,"column":47},"end":{"line":124,"column":null}}],"line":124},"16":{"loc":{"start":{"line":134,"column":24},"end":{"line":134,"column":null}},"type":"cond-expr","locations":[{"start":{"line":134,"column":39},"end":{"line":134,"column":89}},{"start":{"line":134,"column":89},"end":{"line":134,"column":null}}],"line":134}},"s":{"0":1,"1":1,"2":15,"3":15,"4":15,"5":15,"6":15,"7":15,"8":15,"9":4,"10":15,"11":5,"12":1,"13":1,"14":1,"15":1,"16":1,"17":1,"18":1,"19":1,"20":1,"21":15,"22":250,"23":0,"24":250,"25":250,"26":250,"27":15,"28":15,"29":8,"30":15,"31":6,"32":1,"33":5,"34":250,"35":250,"36":250,"37":0,"38":0,"39":0,"40":5,"41":5,"42":15,"43":1,"44":1,"45":1,"46":1,"47":15,"48":2,"49":2,"50":2,"51":1,"52":1,"53":1,"54":1,"55":1,"56":1,"57":2,"58":15,"59":0,"60":0,"61":0,"62":15,"63":10,"64":10,"65":10,"66":10,"67":10,"68":10,"69":15,"70":15},"f":{"0":15,"1":4,"2":5,"3":250,"4":8,"5":6,"6":250,"7":0,"8":5,"9":1,"10":2,"11":2,"12":1,"13":0,"14":10,"15":10},"b":{"0":[15],"1":[1,4],"2":[5,1],"3":[1,0],"4":[1,0],"5":[1,1],"6":[0,250],"7":[250,250],"8":[1,5],"9":[0,250],"10":[0,0],"11":[1,0],"12":[1,1],"13":[1,0],"14":[0,0],"15":[8,2],"16":[15,0]},"meta":{"lastBranch":17,"lastFunction":16,"lastStatement":71,"seen":{"s:7:23:10:Infinity":0,"s:12:13:146:Infinity":1,"f:12:13:12:32":0,"b:12:57:12:69":0,"s:13:15:13:Infinity":2,"s:14:19:14:Infinity":3,"s:17:23:17:Infinity":4,"s:20:29:20:Infinity":5,"s:23:24:23:Infinity":6,"s:26:22:26:Infinity":7,"s:28:16:33:Infinity":8,"f:30:4:30:19":1,"s:30:19:30:Infinity":9,"s:36:2:50:Infinity":10,"f:36:2:36:18":2,"b:37:4:49:Infinity:undefined:undefined:undefined:undefined":1,"s:37:4:49:Infinity":11,"b:37:8:37:25:37:25:37:50":2,"s:38:22:38:Infinity":12,"s:39:12:39:Infinity":13,"b:39:27:39:60:39:60:39:66":3,"s:40:22:40:Infinity":14,"b:42:6:48:Infinity:undefined:undefined:undefined:undefined":4,"s:42:6:48:Infinity":15,"b:42:10:42:26:42:26:42:49":5,"s:43:8:43:Infinity":16,"s:44:8:44:Infinity":17,"s:45:8:45:Infinity":18,"s:46:8:46:Infinity":19,"s:47:8:47:Infinity":20,"s:53:8:60:Infinity":21,"f:53:31:53:49":3,"b:54:4:56:Infinity:undefined:undefined:undefined:undefined":6,"s:54:4:56:Infinity":22,"b:54:8:54:21:54:21:54:45":7,"s:55:6:55:Infinity":23,"s:57:33:57:Infinity":24,"s:58:25:58:Infinity":25,"s:59:4:59:Infinity":26,"s:63:8:63:Infinity":27,"s:64:2:66:Infinity":28,"f:64:2:64:18":4,"s:65:4:65:Infinity":29,"s:69:2:84:Infinity":30,"f:69:2:69:18":5,"b:70:4:70:Infinity:undefined:undefined:undefined:undefined":8,"s:70:4:70:Infinity":31,"s:70:19:70:Infinity":32,"s:72:21:81:Infinity":33,"f:72:21:72:39":6,"s:73:19:73:Infinity":34,"s:74:6:74:Infinity":35,"b:77:6:80:Infinity:undefined:undefined:undefined:undefined":9,"s:77:6:80:Infinity":36,"s:78:8:78:Infinity":37,"s:79:8:79:Infinity":38,"f:79:8:79:17":7,"s:79:27:79:64":39,"b:79:46:79:56:79:56:79:64":10,"s:83:4:83:Infinity":40,"f:83:4:83:17":8,"s:83:17:83:Infinity":41,"s:87:8:92:Infinity":42,"f:87:21:87:34":9,"s:88:4:88:Infinity":43,"s:89:4:89:Infinity":44,"s:90:4:90:Infinity":45,"b:90:32:90:45:90:45:90:49":11,"s:91:4:91:Infinity":46,"s:95:8:111:Infinity":47,"f:95:21:95:39":10,"s:96:4:110:Infinity":48,"f:96:4:96:17":11,"s:97:25:97:Infinity":49,"b:98:6:108:Infinity:101:13:108:Infinity":12,"s:98:6:108:Infinity":50,"s:100:8:100:Infinity":51,"b:103:8:106:Infinity:undefined:undefined:undefined:undefined":13,"s:103:8:106:Infinity":52,"s:104:33:104:Infinity":53,"s:105:10:105:Infinity":54,"f:105:10:105:33":12,"s:105:45:105:69":55,"s:107:8:107:Infinity":56,"s:109:6:109:Infinity":57,"s:114:8:118:Infinity":58,"f:114:23:114:41":13,"s:115:4:115:Infinity":59,"s:116:4:116:Infinity":60,"b:116:32:116:45:116:45:116:49":14,"s:117:4:117:Infinity":61,"s:121:2:131:Infinity":62,"f:121:2:121:18":14,"s:122:17:122:Infinity":63,"s:123:10:123:Infinity":64,"s:124:18:124:Infinity":65,"b:124:37:124:47:124:47:124:Infinity":15,"s:125:4:125:Infinity":66,"s:128:4:130:Infinity":67,"f:128:4:128:17":15,"s:129:6:129:Infinity":68,"s:134:24:134:Infinity":69,"b:134:39:134:89:134:89:134:Infinity":16,"s:136:2:145:Infinity":70},"fnNames":{}}}
}
